<?xml version="1.0" encoding="UTF-8"?>
<!-- Generated by org.testng.reporters.JUnitXMLReporter -->
<testsuite ignored="2" hostname="DESKTOP-SKOVPNU" failures="0" tests="0" time="0.002" errors="0" timestamp="2026-02-28T13:29:49 IST">
  <testcase classname="SeleniumFrameWorkTests.ErrorValidation" name="errorLogin" time="0.0">
    <ignored/>
  </testcase> <!-- errorLogin -->
  <testcase classname="SeleniumFrameWorkTests.ErrorValidation" name="errorCartItem" time="0.0">
    <ignored/>
  </testcase> <!-- errorCartItem -->
</testsuite>
