<?xml version="1.0" encoding="UTF-8"?>
<!-- Generated by org.testng.reporters.JUnitXMLReporter -->
<testsuite ignored="0" hostname="DESKTOP-SKOVPNU" failures="0" tests="2" name="Order Buy confirm Test" time="18.276" errors="0" timestamp="2026-03-02T16:30:06 IST">
  <testcase classname="SeleniumFrameWorkTests.OrderBuyConfirmTest" name="errorCartItem" time="3.942"/>
  <testcase classname="SeleniumFrameWorkTests.OrderBuyConfirmTest" name="confirmOrderPage" time="1.314"/>
</testsuite> <!-- Order Buy confirm Test -->
