<?xml version="1.0" encoding="UTF-8"?>
<!-- Generated by org.testng.reporters.JUnitXMLReporter -->
<testsuite ignored="0" hostname="DESKTOP-SKOVPNU" failures="1" tests="3" name="Order confirm Test" time="43.037" errors="0" timestamp="2026-03-02T15:25:15 IST">
  <testcase classname="SeleniumFrameWorkTests.DataproviderByjson" name="orderConfirm" time="2.966"/>
  <testcase classname="SeleniumFrameWorkTests.DataproviderByjson" name="orderConfirm" time="2.804"/>
  <testcase classname="SeleniumFrameWorkTests.DataproviderByjson" name="orderConfirm" time="10.552">
    <failure type="java.lang.AssertionError" message="Invalid Credentials for login expected object to not be null">
      <![CDATA[java.lang.AssertionError: Invalid Credentials for login expected object to not be null
at SeleniumFrameWorkTests.DataproviderByjson.orderConfirm(DataproviderByjson.java:39)
at java.base/java.util.ArrayList.forEach(ArrayList.java:1596)
... Removed 27 stack frames]]>
    </failure>
  </testcase> <!-- orderConfirm -->
</testsuite> <!-- Order confirm Test -->
