<?xml version="1.0" encoding="UTF-8"?>
<!-- Generated by org.testng.reporters.JUnitXMLReporter -->
<testsuite ignored="0" hostname="DESKTOP-SKOVPNU" failures="1" tests="4" name="Submit Order Test" time="48.628" errors="0" timestamp="2026-03-02T16:30:36 IST">
  <testcase classname="SeleniumFrameWorkTests.DataproviderByjson" name="orderConfirm" time="3.878"/>
  <testcase classname="SeleniumFrameWorkTests.DataproviderByjson" name="orderConfirm" time="4.658"/>
  <testcase classname="SeleniumFrameWorkTests.DataproviderByjson" name="orderConfirm" time="10.318">
    <skipped/>
  </testcase> <!-- orderConfirm -->
  <testcase classname="SeleniumFrameWorkTests.DataproviderByjson" name="orderConfirm" time="10.723">
    <failure type="java.lang.AssertionError" message="Invalid Credentials for login expected object to not be null">
      <![CDATA[java.lang.AssertionError: Invalid Credentials for login expected object to not be null
at SeleniumFrameWorkTests.DataproviderByjson.orderConfirm(DataproviderByjson.java:40)
at java.base/java.util.ArrayList.forEach(ArrayList.java:1596)
at java.base/java.util.concurrent.FutureTask.run(FutureTask.java:317)
at java.base/java.util.concurrent.ThreadPoolExecutor.runWorker(ThreadPoolExecutor.java:1144)
at java.base/java.util.concurrent.ThreadPoolExecutor$Worker.run(ThreadPoolExecutor.java:642)
at java.base/java.lang.Thread.run(Thread.java:1583)
... Removed 17 stack frames]]>
    </failure>
  </testcase> <!-- orderConfirm -->
</testsuite> <!-- Submit Order Test -->
