<?xml version="1.0" encoding="UTF-8"?>
<!-- Generated by org.testng.reporters.JUnitReportReporter -->
<testsuite hostname="DESKTOP-SKOVPNU" failures="0" tests="2" name="SeleniumFrameWorkTests.OrderBuyConfirmTest" time="18.199" errors="0" timestamp="2026-03-02T16:30:36 IST" skipped="0">
  <testcase classname="SeleniumFrameWorkTests.OrderBuyConfirmTest" name="confirmOrderPage" time="9.642"/>
  <testcase classname="SeleniumFrameWorkTests.OrderBuyConfirmTest" name="errorCartItem" time="8.557"/>
</testsuite> <!-- SeleniumFrameWorkTests.OrderBuyConfirmTest -->
