<?xml version="1.0" encoding="UTF-8"?>
<!-- Generated by org.testng.reporters.JUnitReportReporter -->
<testsuite hostname="DESKTOP-SKOVPNU" failures="0" tests="2" name="SeleniumFrameWorkTestComponents.ErrorValidation" time="40.210" errors="0" timestamp="2026-02-28T11:49:58 IST" skipped="0">
  <testcase classname="SeleniumFrameWorkTestComponents.ErrorValidation" name="errorCartItem" time="29.118"/>
  <testcase classname="SeleniumFrameWorkTestComponents.ErrorValidation" name="errorLogin" time="11.092"/>
</testsuite> <!-- SeleniumFrameWorkTestComponents.ErrorValidation -->
