<?xml version="1.0" encoding="UTF-8"?>
<!-- Generated by org.testng.reporters.JUnitReportReporter -->
<testsuite hostname="DESKTOP-SKOVPNU" failures="0" tests="3" name="SeleniumFrameWorkTests.DataProviderTest" time="58.591" errors="0" timestamp="2026-03-02T14:30:49 IST" skipped="0">
  <testcase classname="SeleniumFrameWorkTests.DataProviderTest" name="orderConfirm" time="8.162"/>
  <testcase classname="SeleniumFrameWorkTests.DataProviderTest" name="orderConfirm" time="43.098"/>
  <testcase classname="SeleniumFrameWorkTests.DataProviderTest" name="orderConfirm" time="7.331"/>
</testsuite> <!-- SeleniumFrameWorkTests.DataProviderTest -->
