<?xml version="1.0" encoding="UTF-8"?>
<!-- Generated by org.testng.reporters.JUnitReportReporter -->
<testsuite hostname="DESKTOP-SKOVPNU" failures="0" tests="2" name="SeleniumFrameWorkTestComponents.OrderBuyConfirmTest" time="41.691" errors="0" timestamp="2026-02-28T11:49:58 IST" skipped="0">
  <testcase classname="SeleniumFrameWorkTestComponents.OrderBuyConfirmTest" name="confirmOrderPage" time="18.578"/>
  <testcase classname="SeleniumFrameWorkTestComponents.OrderBuyConfirmTest" name="errorCartItem" time="23.113"/>
</testsuite> <!-- SeleniumFrameWorkTestComponents.OrderBuyConfirmTest -->
