<?xml version="1.0" encoding="UTF-8"?>
<!-- Generated by org.testng.reporters.JUnitReportReporter -->
<testsuite hostname="DESKTOP-SKOVPNU" failures="1" tests="4" name="SeleniumFrameWorkTests.DataproviderByjson" time="47.715" errors="0" timestamp="2026-03-02T16:30:36 IST" skipped="1">
  <testcase classname="SeleniumFrameWorkTests.DataproviderByjson" name="orderConfirm" time="14.242">
    <failure message="Invalid Credentials for login expected object to not be null" type="java.lang.AssertionError">
      <![CDATA[java.lang.AssertionError: Invalid Credentials for login expected object to not be null
at org.testng.Assert.fail(Assert.java:111)
at org.testng.Assert.assertNotNull(Assert.java:1496)
at SeleniumFrameWorkTests.DataproviderByjson.orderConfirm(DataproviderByjson.java:40)
at java.base/jdk.internal.reflect.DirectMethodHandleAccessor.invoke(DirectMethodHandleAccessor.java:103)
at java.base/java.lang.reflect.Method.invoke(Method.java:580)
at org.testng.internal.invokers.MethodInvocationHelper.invokeMethod(MethodInvocationHelper.java:141)
at org.testng.internal.invokers.TestInvoker.invokeMethod(TestInvoker.java:687)
at org.testng.internal.invokers.TestInvoker.retryFailed(TestInvoker.java:269)
at org.testng.internal.invokers.MethodRunner.runInSequence(MethodRunner.java:76)
at org.testng.internal.invokers.TestInvoker$MethodInvocationAgent.invoke(TestInvoker.java:995)
at org.testng.internal.invokers.TestInvoker.invokeTestMethods(TestInvoker.java:203)
at org.testng.internal.invokers.TestMethodWorker.invokeTestMethods(TestMethodWorker.java:154)
at org.testng.internal.invokers.TestMethodWorker.run(TestMethodWorker.java:134)
at java.base/java.util.ArrayList.forEach(ArrayList.java:1596)
at org.testng.TestRunner.privateRun(TestRunner.java:741)
at org.testng.TestRunner.run(TestRunner.java:616)
at org.testng.SuiteRunner.runTest(SuiteRunner.java:421)
at org.testng.SuiteRunner$SuiteWorker.run(SuiteRunner.java:463)
at org.testng.internal.thread.ThreadUtil.lambda$execute$0(ThreadUtil.java:64)
at java.base/java.util.concurrent.FutureTask.run(FutureTask.java:317)
at java.base/java.util.concurrent.ThreadPoolExecutor.runWorker(ThreadPoolExecutor.java:1144)
at java.base/java.util.concurrent.ThreadPoolExecutor$Worker.run(ThreadPoolExecutor.java:642)
at java.base/java.lang.Thread.run(Thread.java:1583)
]]>
    </failure>
  </testcase> <!-- orderConfirm -->
  <testcase classname="SeleniumFrameWorkTests.DataproviderByjson" name="orderConfirm" time="13.337"/>
  <testcase classname="SeleniumFrameWorkTests.DataproviderByjson" name="orderConfirm" time="12.893">
    <skipped/>
  </testcase> <!-- orderConfirm -->
  <testcase classname="SeleniumFrameWorkTests.DataproviderByjson" name="orderConfirm" time="7.243"/>
</testsuite> <!-- SeleniumFrameWorkTests.DataproviderByjson -->
